{"/Users/mj/Documents/react-test-demo3/kilogram-vite/src/main/Post.tsx": {"path":"/Users/mj/Documents/react-test-demo3/kilogram-vite/src/main/Post.tsx","statementMap":{"0":{"start":{"line":3,"column":0},"end":{"line":3,"column":24}},"1":{"start":{"line":1,"column":0},"end":{"line":1,"column":33}},"2":{"start":{"line":5,"column":38},"end":{"line":5,"column":65}},"3":{"start":{"line":7,"column":20},"end":{"line":13,"column":5}},"4":{"start":{"line":8,"column":8},"end":{"line":12,"column":9}},"5":{"start":{"line":9,"column":12},"end":{"line":9,"column":45}},"6":{"start":{"line":11,"column":12},"end":{"line":11,"column":44}},"7":{"start":{"line":15,"column":4},"end":{"line":23,"column":null}}},"fnMap":{"0":{"name":"Post","decl":{"start":{"line":3,"column":24},"end":{"line":3,"column":28}},"loc":{"start":{"line":3,"column":54},"end":{"line":24,"column":1}}},"1":{"name":"(anonymous_1)","decl":{"start":{"line":7,"column":20},"end":{"line":7,"column":23}},"loc":{"start":{"line":7,"column":25},"end":{"line":13,"column":5}}}},"branchMap":{"0":{"loc":{"start":{"line":8,"column":8},"end":{"line":12,"column":9}},"type":"if","locations":[{"start":{"line":8,"column":8},"end":{"line":12,"column":9}},{"start":{"line":10,"column":15},"end":{"line":12,"column":9}}]}},"s":{"0":1,"1":1,"2":2,"3":2,"4":1,"5":1,"6":0,"7":2},"f":{"0":2,"1":1},"b":{"0":[1,0]}}
,"/Users/mj/Documents/react-test-demo3/kilogram-vite/src/navbar/Navbar.tsx": {"path":"/Users/mj/Documents/react-test-demo3/kilogram-vite/src/navbar/Navbar.tsx","statementMap":{"0":{"start":{"line":1,"column":0},"end":{"line":1,"column":24}},"1":{"start":{"line":2,"column":4},"end":{"line":25,"column":null}}},"fnMap":{"0":{"name":"NavBar","decl":{"start":{"line":1,"column":24},"end":{"line":1,"column":30}},"loc":{"start":{"line":1,"column":30},"end":{"line":26,"column":1}}}},"branchMap":{},"s":{"0":1,"1":1},"f":{"0":1},"b":{}}
}
